<?xml version="1.0" encoding="UTF-8"?>
<!-- Generated by org.testng.reporters.JUnitXMLReporter -->
<testsuite ignored="0" hostname="shalinis-mbp.lan" failures="0" tests="4" name="Test" time="0.037" errors="0" timestamp="2022-04-29T11:57:58 PDT">
  <testcase classname="qaclickacademy.SeleniumTest" name="BrowserAUtomation" time="0.003"/>
  <testcase classname="qaclickacademy.SeleniumTest" name="elementsUi" time="0.0"/>
  <testcase classname="qaclickacademy.RESTAPITest" name="deleteTwitter" time="0.0"/>
  <testcase classname="qaclickacademy.RESTAPITest" name="postJira" time="0.0"/>
</testsuite> <!-- Test -->
