<?xml version="1.0" encoding="UTF-8"?>
<testng-results ignored="0" total="4" passed="4" failed="0" skipped="0">
  <reporter-output>
  </reporter-output>
  <suite started-at="2022-04-29T11:57:58 PDT" name="Suite" finished-at="2022-04-29T11:57:58 PDT" duration-ms="37">
    <groups>
    </groups>
    <test started-at="2022-04-29T11:57:58 PDT" name="Test" finished-at="2022-04-29T11:57:58 PDT" duration-ms="37">
      <class name="qaclickacademy.RESTAPITest">
        <test-method signature="deleteTwitter()[pri:0, instance:qaclickacademy.RESTAPITest@3b938003]" started-at="2022-04-29T11:57:58 PDT" name="deleteTwitter" finished-at="2022-04-29T11:57:58 PDT" duration-ms="0" status="PASS">
          <reporter-output>
          </reporter-output>
        </test-method> <!-- deleteTwitter -->
        <test-method signature="postJira()[pri:0, instance:qaclickacademy.RESTAPITest@3b938003]" started-at="2022-04-29T11:57:58 PDT" name="postJira" finished-at="2022-04-29T11:57:58 PDT" duration-ms="0" status="PASS">
          <reporter-output>
          </reporter-output>
        </test-method> <!-- postJira -->
      </class> <!-- qaclickacademy.RESTAPITest -->
      <class name="qaclickacademy.SeleniumTest">
        <test-method signature="BrowserAUtomation()[pri:0, instance:qaclickacademy.SeleniumTest@4b168fa9]" started-at="2022-04-29T11:57:58 PDT" name="BrowserAUtomation" finished-at="2022-04-29T11:57:58 PDT" duration-ms="3" status="PASS">
          <reporter-output>
          </reporter-output>
        </test-method> <!-- BrowserAUtomation -->
        <test-method signature="elementsUi()[pri:0, instance:qaclickacademy.SeleniumTest@4b168fa9]" started-at="2022-04-29T11:57:58 PDT" name="elementsUi" finished-at="2022-04-29T11:57:58 PDT" duration-ms="0" status="PASS">
          <reporter-output>
          </reporter-output>
        </test-method> <!-- elementsUi -->
      </class> <!-- qaclickacademy.SeleniumTest -->
    </test> <!-- Test -->
  </suite> <!-- Suite -->
</testng-results>
