<?xml version="1.0" encoding="UTF-8"?>
<testng-results ignored="0" total="2" passed="2" failed="0" skipped="0">
  <reporter-output>
  </reporter-output>
  <suite started-at="2022-05-02T12:43:13 PDT" name="Default suite" finished-at="2022-05-02T12:43:13 PDT" duration-ms="58">
    <groups>
    </groups>
    <test started-at="2022-05-02T12:43:13 PDT" name="Default test" finished-at="2022-05-02T12:43:13 PDT" duration-ms="58">
      <class name="qaclickacademy.RESTAPITest">
        <test-method signature="deleteTwitter()[pri:0, instance:qaclickacademy.RESTAPITest@71def8f8]" started-at="2022-05-02T12:43:13 PDT" name="deleteTwitter" finished-at="2022-05-02T12:43:13 PDT" duration-ms="8" status="PASS">
          <reporter-output>
          </reporter-output>
        </test-method> <!-- deleteTwitter -->
        <test-method signature="postJira()[pri:0, instance:qaclickacademy.RESTAPITest@71def8f8]" started-at="2022-05-02T12:43:13 PDT" name="postJira" finished-at="2022-05-02T12:43:13 PDT" duration-ms="1" status="PASS">
          <reporter-output>
          </reporter-output>
        </test-method> <!-- postJira -->
      </class> <!-- qaclickacademy.RESTAPITest -->
    </test> <!-- Default test -->
  </suite> <!-- Default suite -->
</testng-results>
